*** Start analyzing build configuration ***
*** List of included argument files ***
    Build configuration file:  /home/student/jbien/VDIC/.dvt/lab01.build
    -F /home/student/jbien/VDIC/lab01/tb/tb.f
*** Done analyzing build configuration [108 ms] ***

*** Start SystemVerilog build ***
*** Invocation #1***
Loading (1) /home/student/jbien/VDIC/common/vdic_dut_2023.svp ...
Done /home/student/jbien/VDIC/common/vdic_dut_2023.svp [139 ms, 183 lines, SystemVerilog_2012] ...
Loading (2) /home/student/jbien/VDIC/lab01/tb/vdic_dut_2023_tb.sv ...
Done /home/student/jbien/VDIC/lab01/tb/vdic_dut_2023_tb.sv [36 ms, 281 lines, SystemVerilog_2012] ...
*** Done invocation #1 [45 ms] ***
*** Done parsing [LT 55.0 ms, PT 45.0 ms] ***
*** Total number of lines [464] ***
Performing post full build actions ...
Performing post full build step 1 (SRI) [0 ms] ...
Performing post full build step 2 (RI) [1 ms] ...
Performing post full build step 3 (RCP) [0 ms] ...
*** Done SystemVerilog build [193 ms] ***

*** Start mixed mode extension build ***
Performing mixed post full build step (VLOG - RI) [0 ms] ...
*** Warning: UNSPECIFIED_TOP: Please specify a -top module/entity/configuration in the project build file
*** Top design candidates: work.top
Performing mixed post full build step (MIXED - ELAB) [209 ms] ...
Performing mixed post full build step (MIXED - UNEL) [52 ms] ...
*** Warning: MISSING_PORT_CONNECTION: Instance 'DUT' of module 'vdic_dut_2023' is missing port connection to output 'result_rdy'
    at line 71 in /home/student/jbien/VDIC/lab01/tb/vdic_dut_2023_tb.sv [compile index 2]
Performing mixed post full build step (VLOG - RD) [1 ms] ...
Performing mixed post full build step (VLOG - FSC) [53 ms] ...
Performing mixed post full build step (VLOG - EV) [53 ms] ...
Performing mixed post full build step (VLOG - ELPC) [0 ms] ...
Performing mixed post full build step (VLOG - US) [52 ms] ...
*** Warning: SIGNAL_NEVER_USED: Signal 'clk' is never used
    at line 51 in /home/student/jbien/VDIC/common/vdic_dut_2023.svp [compile index 1]
*** Warning: SIGNAL_NEVER_USED: Signal 'rst_n' is never used
    at line 52 in /home/student/jbien/VDIC/common/vdic_dut_2023.svp [compile index 1]
*** Warning: SIGNAL_NEVER_USED: Signal 'arg_a' is never used
    at line 53 in /home/student/jbien/VDIC/common/vdic_dut_2023.svp [compile index 1]
*** Warning: SIGNAL_NEVER_USED: Signal 'arg_a_parity' is never used
    at line 54 in /home/student/jbien/VDIC/common/vdic_dut_2023.svp [compile index 1]
*** Warning: SIGNAL_NEVER_USED: Signal 'arg_b' is never used
    at line 55 in /home/student/jbien/VDIC/common/vdic_dut_2023.svp [compile index 1]
*** Warning: SIGNAL_NEVER_USED: Signal 'arg_b_parity' is never used
    at line 56 in /home/student/jbien/VDIC/common/vdic_dut_2023.svp [compile index 1]
*** Warning: SIGNAL_NEVER_USED: Signal 'req' is never used
    at line 57 in /home/student/jbien/VDIC/common/vdic_dut_2023.svp [compile index 1]
*** Warning: SIGNAL_NEVER_USED: Signal 'ack' is never used
    at line 58 in /home/student/jbien/VDIC/common/vdic_dut_2023.svp [compile index 1]
*** Warning: SIGNAL_NEVER_USED: Signal 'result' is never used
    at line 59 in /home/student/jbien/VDIC/common/vdic_dut_2023.svp [compile index 1]
*** Warning: SIGNAL_NEVER_USED: Signal 'result_parity' is never used
    at line 60 in /home/student/jbien/VDIC/common/vdic_dut_2023.svp [compile index 1]
*** Warning: SIGNAL_NEVER_USED: Signal 'result_rdy' is never used
    at line 61 in /home/student/jbien/VDIC/common/vdic_dut_2023.svp [compile index 1]
*** Warning: SIGNAL_NEVER_USED: Signal 'arg_parity_error' is never used
    at line 62 in /home/student/jbien/VDIC/common/vdic_dut_2023.svp [compile index 1]
*** Warning: SIGNAL_NEVER_READ: Signal 'arg_parity_error' is never read (connected to sub-instance output port)
    at line 62 in /home/student/jbien/VDIC/lab01/tb/vdic_dut_2023_tb.sv [compile index 2]
*** Done mixed mode extension build [618 ms] ***
*** Start adding/validating the DVT Auto-Linked resources ***
*** Done adding/validating the DVT Auto-Linked resources [4 ms] ***
*** Total build time [922 ms] ***
