csi-xmsim - CSI: Command line:
xmsim
    -f /home/student/jbien/VDIC/lab01/run/INCA_libs_gui/run.lnx86.21.03.d/cadence25_29911/xmsim.args
        -INPUT @source /eda/cadence/2021-22/RHELx86/XCELIUM_21.03.009/tools/methodology/UVM/CDNS-1.1d/additions/sv/files/tcl/uvm_sim.tcl
        +nowarnDSEM2009
        +nowarnDSEMEL
        +nowarnCGDEFN
        +nowarnCOVUTA
        +nowarnBADPRF
        +nowarnXCLGNOPTM
        +nowarnRNDXCELON
        +nowarnSAWSTP
        +access+r
        +gui
        -amsdlibdir ./INCA_libs_gui/AMSD
        -uvmhome /eda/cadence/2021-22/RHELx86/XCELIUM_21.03.009/tools/methodology/UVM/CDNS-1.1d
        -sv_lib /eda/cadence/2021-22/RHELx86/XCELIUM_21.03.009/tools/methodology/UVM/CDNS-1.1d/additions/sv/lib/libuvmpli.so
        -NOWARN DSEM2009
        -NOWARN DSEMEL
        -NOWARN CGDEFN
        -NOWARN COVUTA
        -NOWARN BADPRF
        -NOWARN XCLGNOPTM
        -NOWARN RNDXCELON
        -NOWARN SAWSTP
        -gui
        -NOCOPYRIGHT
        -COVOVERWRITE
        +UVM_TESTNAME=lab01
        -MESSAGES
        -SV_LIB /eda/cadence/2021-22/RHELx86/XCELIUM_21.03.009/tools/methodology/UVM/CDNS-1.1d/additions/sv/lib/libuvmdpi.so
        +EMGRLOG xrun_gui.log
        -XLSTIME 1697486719
        -XLKEEP
        -XLMODE ./INCA_libs_gui/run.lnx86.21.03.d
        -RUNMODE
        -CDSLIB ./INCA_libs_gui/run.lnx86.21.03.d/cds.lib
        -HDLVAR ./INCA_libs_gui/run.lnx86.21.03.d/hdl.var
        -XLNAME xrun
        -XLVERSION TOOL:	xrun	21.03-s009
        -XLNAME ./INCA_libs_gui/run.lnx86.21.03.d/cadence25_29911
    -CHECK_VERSION TOOL:	xrun	21.03-s009
    -LOG_FD 4
    -LOG_FD_NAME xrun_gui.log
    -cmdnopsim
    -runlock /home/student/jbien/VDIC/lab01/run/INCA_libs_gui/run.lnx86.21.03.d/.xmlib.lock
    -runscratch /home/student/jbien/VDIC/lab01/run/INCA_libs_gui/run.lnx86.21.03.d/cadence25_29911

csi-xmsim - CSI: *F,INTERR: INTERNAL EXCEPTION
Observed simulation time : 119130 NS + 0
-----------------------------------------------------------------
The tool has encountered an unexpected condition and must exit.
Contact Cadence Design Systems customer support about this
problem and provide enough information to help us reproduce it,
including the logfile that contains this error message.
  TOOL:	xmsim	21.03-s009
  HOSTNAME: cadence25
  OPERATING SYSTEM: Linux 3.10.0-1160.90.1.el7.x86_64 #1 SMP Thu May 4 15:21:22 UTC 2023 x86_64
  MESSAGE: sv_seghandler - trapno -1 addr(0x18)
-----------------------------------------------------------------

csi-xmsim - CSI: Cadence Support Investigation, recording details
Error: Error processing callstack!
csi-xmsim - CSI: investigation complete took 0.000 secs, send this file to Cadence Support
